The `logs/analysis.log` file is intended to be a log file, not a script or code file. It would typically contain the output from logging statements within the Python scripts that perform the analysis and documentation generation tasks. 

However, since you've asked for code, I'll provide a Python snippet that could be used to write log messages to `logs/analysis.log`. This code would be part of a Python script, such as `utils/logging_utils.py`, which would handle logging throughout the application.

```python
import logging
import os

# Create logs directory if it doesn't exist
if not os.path.exists('logs'):
    os.makedirs('logs')

# Configure logging
logging.basicConfig(filename='logs/analysis.log',
                    filemode='a',
                    format='%(asctime)s - %(levelname)s - %(message)s',
                    datefmt='%Y-%m-%d %H:%M:%S',
                    level=logging.INFO)

# Example usage:
# logging.info('This is an info message')
# logging.warning('This is a warning message')
# logging.error('This is an error message')
```

This code sets up basic logging configuration, where log messages will be appended to the `logs/analysis.log` file with a specific format including a timestamp, the log level, and the message. The directory check ensures that the `logs` directory exists before attempting to write to the file. The example usage comments show how you would log messages at different severity levels.